<?xml version="1.0" encoding="UTF-8"?>
<testsuite xmlns:xsi="http://www.w3.org/2001/XMLSchema-instance" xsi:noNamespaceSchemaLocation="https://maven.apache.org/surefire/maven-surefire-plugin/xsd/surefire-test-report.xsd" name="com.mycom.AppTest" time="0.045" tests="1" errors="0" skipped="0" failures="0">
  <properties>
    <property name="sun.desktop" value="windows"/>
    <property name="awt.toolkit" value="sun.awt.windows.WToolkit"/>
    <property name="file.encoding.pkg" value="sun.io"/>
    <property name="java.specification.version" value="1.8"/>
    <property name="sun.cpu.isalist" value="amd64"/>
    <property name="sun.jnu.encoding" value="GBK"/>
    <property name="java.class.path" value="F:\JAVA\SSMProject\EduProject2\common-parent\edu-model\target\test-classes;F:\JAVA\SSMProject\EduProject2\common-parent\edu-model\target\classes;F:\JAVA\Idea\apache-maven-3.6.2\junit\junit\4.11\junit-4.11.jar;F:\JAVA\Idea\apache-maven-3.6.2\org\hamcrest\hamcrest-core\1.3\hamcrest-core-1.3.jar;"/>
    <property name="java.vm.vendor" value="Oracle Corporation"/>
    <property name="sun.arch.data.model" value="64"/>
    <property name="user.variant" value=""/>
    <property name="java.vendor.url" value="http://java.oracle.com/"/>
    <property name="user.timezone" value="GMT+08:00"/>
    <property name="java.vm.specification.version" value="1.8"/>
    <property name="os.name" value="Windows 7"/>
    <property name="user.country" value="CN"/>
    <property name="sun.java.launcher" value="SUN_STANDARD"/>
    <property name="sun.boot.library.path" value="F:\JAVA\JDK\jre\bin"/>
    <property name="sun.java.command" value="C:\Users\ADMINI~1\AppData\Local\Temp\surefire6087397003057503841\surefirebooter542219871140570088.jar C:\Users\Administrator\AppData\Local\Temp\surefire6087397003057503841 2019-11-11T10-59-20_529-jvmRun1 surefire2132556438756589351tmp surefire_06012305506606292890tmp"/>
    <property name="surefire.test.class.path" value="F:\JAVA\SSMProject\EduProject2\common-parent\edu-model\target\test-classes;F:\JAVA\SSMProject\EduProject2\common-parent\edu-model\target\classes;F:\JAVA\Idea\apache-maven-3.6.2\junit\junit\4.11\junit-4.11.jar;F:\JAVA\Idea\apache-maven-3.6.2\org\hamcrest\hamcrest-core\1.3\hamcrest-core-1.3.jar;"/>
    <property name="sun.cpu.endian" value="little"/>
    <property name="user.home" value="C:\Users\Administrator"/>
    <property name="user.language" value="zh"/>
    <property name="java.specification.vendor" value="Oracle Corporation"/>
    <property name="java.home" value="F:\JAVA\JDK\jre"/>
    <property name="basedir" value="F:\JAVA\SSMProject\EduProject2\common-parent\edu-model"/>
    <property name="file.separator" value="\"/>
    <property name="line.separator" value="&#10;"/>
    <property name="idea.version2019.2.3" value="true"/>
    <property name="java.vm.specification.vendor" value="Oracle Corporation"/>
    <property name="java.specification.name" value="Java Platform API Specification"/>
    <property name="java.awt.graphicsenv" value="sun.awt.Win32GraphicsEnvironment"/>
    <property name="surefire.real.class.path" value="C:\Users\ADMINI~1\AppData\Local\Temp\surefire6087397003057503841\surefirebooter542219871140570088.jar"/>
    <property name="sun.boot.class.path" value="F:\JAVA\JDK\jre\lib\resources.jar;F:\JAVA\JDK\jre\lib\rt.jar;F:\JAVA\JDK\jre\lib\sunrsasign.jar;F:\JAVA\JDK\jre\lib\jsse.jar;F:\JAVA\JDK\jre\lib\jce.jar;F:\JAVA\JDK\jre\lib\charsets.jar;F:\JAVA\JDK\jre\lib\jfr.jar;F:\JAVA\JDK\jre\classes"/>
    <property name="user.script" value=""/>
    <property name="sun.management.compiler" value="HotSpot 64-Bit Tiered Compilers"/>
    <property name="java.runtime.version" value="1.8.0_161-b12"/>
    <property name="user.name" value="Administrator"/>
    <property name="path.separator" value=";"/>
    <property name="os.version" value="6.1"/>
    <property name="java.endorsed.dirs" value="F:\JAVA\JDK\jre\lib\endorsed"/>
    <property name="java.runtime.name" value="Java(TM) SE Runtime Environment"/>
    <property name="file.encoding" value="GBK"/>
    <property name="java.vm.name" value="Java HotSpot(TM) 64-Bit Server VM"/>
    <property name="localRepository" value="F:\JAVA\Idea\apache-maven-3.6.2"/>
    <property name="java.vendor.url.bug" value="http://bugreport.sun.com/bugreport/"/>
    <property name="java.io.tmpdir" value="C:\Users\ADMINI~1\AppData\Local\Temp\"/>
    <property name="java.version" value="1.8.0_161"/>
    <property name="user.dir" value="F:\JAVA\SSMProject\EduProject2\common-parent\edu-model"/>
    <property name="os.arch" value="amd64"/>
    <property name="java.vm.specification.name" value="Java Virtual Machine Specification"/>
    <property name="java.awt.printerjob" value="sun.awt.windows.WPrinterJob"/>
    <property name="sun.os.patch.level" value="Service Pack 1"/>
    <property name="java.library.path" value="F:\JAVA\JDK\jre\bin;C:\Windows\Sun\Java\bin;C:\Windows\system32;C:\Windows;F:\JAVA\Oracle\product\11.2.0\dbhome_1\bin;C:\ProgramData\Oracle\Java\javapath;F:\JAVA\Idea\apache-maven-3.6.2\bin;C:\Program Files (x86)\Common Files\Siemens\bin;C:\Program Files\Common Files\Siemens\Automation\Simatic OAM\bin;F:\JAVA\JDK\bin;F:\JAVA\JRE\bin;C:\Windows\System32\Wbem;C:\Windows\System32\WindowsPowerShell\v1.0\;C:\Program Files (x86)\Windows7Master;C:\Program Files (x86)\NVIDIA Corporation\PhysX\Common;C:\Windows\system32;E:\SQLSERVER\110\DTS\Binn\;E:\SQLSERVER\MicrosoftSQLServer\110\Tools\Binn\;E:\SQLSERVER\110\Tools\Binn\;E:\SQLSERVER\MicrosoftSQLServer\110\Tools\Binn\ManagementStudio\;C:\Program Files (x86)\Microsoft Visual Studio 10.0\Common7\IDE\PrivateAssemblies\;E:\SQLSERVER\MicrosoftSQLServer\110\DTS\Binn\;F:\JAVA\Git\cmd;C:\Program Files\TortoiseSVN\bin;F:\JAVA\SVN\bin;C:\Program Files\Idea\IntelliJ IDEA 2019.2.3\bin;;."/>
    <property name="java.vm.info" value="mixed mode"/>
    <property name="java.vendor" value="Oracle Corporation"/>
    <property name="java.vm.version" value="25.161-b12"/>
    <property name="java.ext.dirs" value="F:\JAVA\JDK\jre\lib\ext;C:\Windows\Sun\Java\lib\ext"/>
    <property name="sun.io.unicode.encoding" value="UnicodeLittle"/>
    <property name="maven.repo.local" value="F:\JAVA\Idea\apache-maven-3.6.2"/>
    <property name="java.class.version" value="52.0"/>
  </properties>
  <testcase name="shouldAnswerWithTrue" classname="com.mycom.AppTest" time="0.004"/>
</testsuite>